<testsuites>
  <errors>0</errors>
  <failures>0</failures>
  <tests>35</tests>
  <testsuite>
    <name>full</name>
    <tests>34</tests>
    <skipped>0</skipped>
    <errors>0</errors>
    <failures>0</failures>
    <testcase>
      <name>ip</name>
      <classname>leakInternalSubnet</classname>
    </testcase>
    <testcase>
      <name>scope</name>
      <classname>leakInternalSubnet</classname>
    </testcase>
    <testcase>
      <name>prefGrMemb</name>
      <classname>vzAny</classname>
    </testcase>
    <testcase>
      <name>ctrl</name>
      <classname>pimBSRPPol</classname>
    </testcase>
    <testcase>
      <name>ctrl</name>
      <classname>pimAutoRPPol</classname>
    </testcase>
    <testcase>
      <name>tnVzBrCPName</name>
      <classname>vzRsAnyToCons</classname>
    </testcase>
    <testcase>
      <name>ctxName</name>
      <classname>leakTo_external</classname>
    </testcase>
    <testcase>
      <name>descr</name>
      <classname>leakTo_external</classname>
    </testcase>
    <testcase>
      <name>tenantName</name>
      <classname>leakTo_external</classname>
    </testcase>
    <testcase>
      <name>ctrl</name>
      <classname>pimCtxP</classname>
    </testcase>
    <testcase>
      <name>mtu</name>
      <classname>pimCtxP</classname>
    </testcase>
    <testcase>
      <name>name</name>
      <classname>dnsLbl</classname>
    </testcase>
    <testcase>
      <name>ctxName</name>
      <classname>leakTo_internal</classname>
    </testcase>
    <testcase>
      <name>descr</name>
      <classname>leakTo_internal</classname>
    </testcase>
    <testcase>
      <name>scope</name>
      <classname>leakTo_internal</classname>
    </testcase>
    <testcase>
      <name>tenantName</name>
      <classname>leakTo_internal</classname>
    </testcase>
    <testcase>
      <name>ge</name>
      <classname>leakExternalPrefix</classname>
    </testcase>
    <testcase>
      <name>ip</name>
      <classname>leakExternalPrefix</classname>
    </testcase>
    <testcase>
      <name>le</name>
      <classname>leakExternalPrefix</classname>
    </testcase>
    <testcase>
      <name>af</name>
      <classname>fvRsCtxToBgpCtxAfPol</classname>
    </testcase>
    <testcase>
      <name>tnBgpCtxAfPolName</name>
      <classname>fvRsCtxToBgpCtxAfPol</classname>
    </testcase>
    <testcase>
      <name>max</name>
      <classname>pimResPol</classname>
    </testcase>
    <testcase>
      <name>rsvd</name>
      <classname>pimResPol</classname>
    </testcase>
    <testcase>
      <name>tnVzCPIfName</name>
      <classname>vzRsAnyToConsIf</classname>
    </testcase>
    <testcase>
      <name>rpIp</name>
      <classname>pimStaticRPEntryPol</classname>
    </testcase>
    <testcase>
      <name>descr</name>
      <classname>fvCtx</classname>
    </testcase>
    <testcase>
      <name>ipDataPlaneLearning</name>
      <classname>fvCtx</classname>
    </testcase>
    <testcase>
      <name>name</name>
      <classname>fvCtx</classname>
    </testcase>
    <testcase>
      <name>nameAlias</name>
      <classname>fvCtx</classname>
    </testcase>
    <testcase>
      <name>pcEnfDir</name>
      <classname>fvCtx</classname>
    </testcase>
    <testcase>
      <name>pcEnfPref</name>
      <classname>fvCtx</classname>
    </testcase>
    <testcase>
      <name>tnBgpCtxPolName</name>
      <classname>fvRsBgpCtxPol</classname>
    </testcase>
    <testcase>
      <name>tnVzBrCPName</name>
      <classname>vzRsAnyToProv</classname>
    </testcase>
    <testcase>
      <name>tDn</name>
      <classname>rtdmcRsFilterToRtMapPol</classname>
    </testcase>
  </testsuite>
  <testsuite>
    <name>minimal</name>
    <tests>1</tests>
    <skipped>0</skipped>
    <errors>0</errors>
    <failures>0</failures>
    <testcase>
      <name>name</name>
      <classname>fvCtx</classname>
    </testcase>
  </testsuite>
</testsuites>