<testsuites>
  <errors>1</errors>
  <failures>0</failures>
  <tests>20</tests>
  <testsuite>
    <name>full</name>
    <tests>19</tests>
    <skipped>0</skipped>
    <errors>1</errors>
    <failures>0</failures>
    <testcase>
      <name>prefGrMemb</name>
      <classname>vzAny</classname>
    </testcase>
    <testcase>
      <name>tnVzBrCPName</name>
      <classname>vzRsAnyToProv</classname>
    </testcase>
    <testcase>
      <name>ctrl</name>
      <classname>pimCtxP</classname>
    </testcase>
    <testcase>
      <name>mtu</name>
      <classname>pimCtxP</classname>
    </testcase>
    <testcase>
      <name>tnVzCPIfName</name>
      <classname>vzRsAnyToConsIf</classname>
    </testcase>
    <testcase>
      <name>name</name>
      <classname>dnsLbl</classname>
    </testcase>
    <testcase>
      <name>tnVzBrCPName</name>
      <classname>vzRsAnyToCons</classname>
    </testcase>
    <testcase>
      <name>descr</name>
      <classname>fvCtx</classname>
    </testcase>
    <testcase>
      <name>ipDataPlaneLearning</name>
      <classname>fvCtx</classname>
    </testcase>
    <testcase>
      <name>name</name>
      <classname>fvCtx</classname>
    </testcase>
    <testcase>
      <name>nameAlias</name>
      <classname>fvCtx</classname>
    </testcase>
    <testcase>
      <name>pcEnfDir</name>
      <classname>fvCtx</classname>
    </testcase>
    <testcase>
      <name>pcEnfPref</name>
      <classname>fvCtx</classname>
    </testcase>
    <testcase>
      <name>af</name>
      <classname>fvRsCtxToBgpCtxAfPol</classname>
    </testcase>
    <testcase>
      <name>tnBgpCtxAfPolName</name>
      <classname>fvRsCtxToBgpCtxAfPol</classname>
    </testcase>
    <testcase>
      <name>tnBgpCtxPolName</name>
      <classname>fvRsBgpCtxPol</classname>
    </testcase>
    <testcase>
      <name>max</name>
      <classname>pimResPol</classname>
    </testcase>
    <testcase>
      <name>rsvd</name>
      <classname>pimResPol</classname>
    </testcase>
    <testcase>
      <name>(destroy)</name>
      <classname>(destroy)</classname>
      <error>
        <message>failed to destroy objects created during test (NOTE: leftover remote objects may still exist)</message>
      </error>
      <system-out>&#xA;Warning: The test provider is experimental&#xA;&#xA;  with provider[&#34;terraform.io/builtin/test&#34;],&#xA;The Terraform team is using the test provider&#xA;(terraform.io/builtin/test) as part of ongoing research about&#xA;declarative testing of Terraform modules.&#xA;&#xA;The availability and behavior of this provider is expected to&#xA;change significantly even in patch releases, so we recommend using&#xA;this provider only in test configurations and constraining your&#xA;test configurations to an exact Terraform version.&#xA;&#xA;Warning: The test provider is experimental&#xA;&#xA;  with provider[&#34;terraform.io/builtin/test&#34;],&#xA;The Terraform team is using the test provider&#xA;(terraform.io/builtin/test) as part of ongoing research about&#xA;declarative testing of Terraform modules.&#xA;&#xA;The availability and behavior of this provider is expected to&#xA;change significantly even in patch releases, so we recommend using&#xA;this provider only in test configurations and constraining your&#xA;test configurations to an exact Terraform version.&#xA;&#xA;Error: Failed to parse JSON response from https://10.49.208.146/api/mo/uni/tn-TF/ctx-VRF1/rsctxToBgpCtxAfPol-[BGP_AF_IPV6]-ipv6-ucast.json. Verify that you are connecting to an APIC.&#xA;HTTP response status: 405 Not Allowed&#xA;Message: invalid character &#39;&lt;&#39; looking for beginning of value&#xA;&#xA;</system-out>
    </testcase>
  </testsuite>
  <testsuite>
    <name>minimal</name>
    <tests>1</tests>
    <skipped>0</skipped>
    <errors>0</errors>
    <failures>0</failures>
    <testcase>
      <name>name</name>
      <classname>fvCtx</classname>
    </testcase>
  </testsuite>
</testsuites>