<testsuites>
  <errors>0</errors>
  <failures>0</failures>
  <tests>15</tests>
  <testsuite>
    <name>full</name>
    <tests>14</tests>
    <skipped>14</skipped>
    <errors>0</errors>
    <failures>0</failures>
    <testcase>
      <name>name</name>
      <classname>dnsLbl</classname>
      <skipped></skipped>
    </testcase>
    <testcase>
      <name>af</name>
      <classname>fvRsCtxToBgpCtxAfPol</classname>
      <skipped></skipped>
    </testcase>
    <testcase>
      <name>tnBgpCtxAfPolName</name>
      <classname>fvRsCtxToBgpCtxAfPol</classname>
      <skipped></skipped>
    </testcase>
    <testcase>
      <name>prefGrMemb</name>
      <classname>vzAny</classname>
      <skipped></skipped>
    </testcase>
    <testcase>
      <name>tnVzBrCPName</name>
      <classname>vzRsAnyToCons</classname>
      <skipped></skipped>
    </testcase>
    <testcase>
      <name>tnVzCPIfName</name>
      <classname>vzRsAnyToConsIf</classname>
      <skipped></skipped>
    </testcase>
    <testcase>
      <name>descr</name>
      <classname>fvCtx</classname>
      <skipped></skipped>
    </testcase>
    <testcase>
      <name>ipDataPlaneLearning</name>
      <classname>fvCtx</classname>
      <skipped></skipped>
    </testcase>
    <testcase>
      <name>name</name>
      <classname>fvCtx</classname>
      <skipped></skipped>
    </testcase>
    <testcase>
      <name>nameAlias</name>
      <classname>fvCtx</classname>
      <skipped></skipped>
    </testcase>
    <testcase>
      <name>pcEnfDir</name>
      <classname>fvCtx</classname>
      <skipped></skipped>
    </testcase>
    <testcase>
      <name>pcEnfPref</name>
      <classname>fvCtx</classname>
      <skipped></skipped>
    </testcase>
    <testcase>
      <name>tnBgpCtxPolName</name>
      <classname>fvRsBgpCtxPol</classname>
      <skipped></skipped>
    </testcase>
    <testcase>
      <name>tnVzBrCPName</name>
      <classname>vzRsAnyToProv</classname>
      <skipped></skipped>
    </testcase>
  </testsuite>
  <testsuite>
    <name>minimal</name>
    <tests>1</tests>
    <skipped>0</skipped>
    <errors>0</errors>
    <failures>0</failures>
    <testcase>
      <name>name</name>
      <classname>fvCtx</classname>
    </testcase>
  </testsuite>
</testsuites>